<?xml version="1.0" encoding="UTF-8"?>
<!-- Generated by org.testng.reporters.JUnitXMLReporter -->
<testsuite hostname="optimus-150" name="NEAT Tests" tests="6" failures="2" timestamp="9 Jun 2016 11:49:12 GMT" time="2038.19" errors="0">
  <testcase name="SmokeTest" time="428.585" classname="com.BCAA.neat.testcases.HabitationalTests"/>
  <testcase name="additionalInsuredAsPrimaryPolicyholderTest" time="152.45" classname="com.BCAA.neat.testcases.HabitationalTests">
    <failure type="org.openqa.selenium.NoSuchElementException" message="Unable to find element with xpath == td[6]/input[contains(@value,&amp;apos;true&amp;apos;)] (WARNING: The server did not provide any stacktrace information)
Command duration or timeout: 15.21 seconds
For documentation on this error, please visit: http://seleniumhq.org/exceptions/no_such_element.html
Build info: version: &amp;apos;2.53.0&amp;apos;, revision: &amp;apos;35ae25b1534ae328c771e0856c93e187490ca824&amp;apos;, time: &amp;apos;2016-03-15 10:43:46&amp;apos;
System info: host: &amp;apos;optimus-150&amp;apos;, ip: &amp;apos;192.197.48.156&amp;apos;, os.name: &amp;apos;Windows 8.1&amp;apos;, os.arch: &amp;apos;amd64&amp;apos;, os.version: &amp;apos;6.3&amp;apos;, java.version: &amp;apos;1.8.0_40&amp;apos;
Driver info: org.openqa.selenium.ie.InternetExplorerDriver
Capabilities [{browserAttachTimeout=0, enablePersistentHover=true, ie.forceCreateProcessApi=false, ie.usePerProcessProxy=false, ignoreZoomSetting=false, handlesAlerts=true, version=11, platform=WINDOWS, nativeEvents=true, ie.ensureCleanSession=true, elementScrollBehavior=0, ie.browserCommandLineSwitches=, requireWindowFocus=false, browserName=internet explorer, initialBrowserUrl=http://localhost:8141/, takesScreenshot=true, javascriptEnabled=true, ignoreProtectedModeSettings=false, enableElementCacheCleanup=true, cssSelectorsEnabled=true, unexpectedAlertBehaviour=dismiss}]
Session ID: 2a8d2099-92a9-4910-96eb-1e3f87a98797
*** Element info: {Using=xpath, value=td[6]/input[contains(@value,&amp;apos;true&amp;apos;)]}">
      <![CDATA[org.openqa.selenium.NoSuchElementException: Unable to find element with xpath == td[6]/input[contains(@value,'true')] (WARNING: The server did not provide any stacktrace information)
Command duration or timeout: 15.21 seconds
For documentation on this error, please visit: http://seleniumhq.org/exceptions/no_such_element.html
Build info: version: '2.53.0', revision: '35ae25b1534ae328c771e0856c93e187490ca824', time: '2016-03-15 10:43:46'
System info: host: 'optimus-150', ip: '192.197.48.156', os.name: 'Windows 8.1', os.arch: 'amd64', os.version: '6.3', java.version: '1.8.0_40'
Driver info: org.openqa.selenium.ie.InternetExplorerDriver
Capabilities [{browserAttachTimeout=0, enablePersistentHover=true, ie.forceCreateProcessApi=false, ie.usePerProcessProxy=false, ignoreZoomSetting=false, handlesAlerts=true, version=11, platform=WINDOWS, nativeEvents=true, ie.ensureCleanSession=true, elementScrollBehavior=0, ie.browserCommandLineSwitches=, requireWindowFocus=false, browserName=internet explorer, initialBrowserUrl=http://localhost:8141/, takesScreenshot=true, javascriptEnabled=true, ignoreProtectedModeSettings=false, enableElementCacheCleanup=true, cssSelectorsEnabled=true, unexpectedAlertBehaviour=dismiss}]
Session ID: 2a8d2099-92a9-4910-96eb-1e3f87a98797
*** Element info: {Using=xpath, value=td[6]/input[contains(@value,'true')]}
	at org.openqa.selenium.remote.ErrorHandler.createThrowable(ErrorHandler.java:206)
	at org.openqa.selenium.remote.ErrorHandler.throwIfResponseFailed(ErrorHandler.java:158)
	at org.openqa.selenium.remote.RemoteWebDriver.execute(RemoteWebDriver.java:678)
	at org.openqa.selenium.remote.RemoteWebElement.execute(RemoteWebElement.java:327)
	at org.openqa.selenium.remote.RemoteWebElement.findElement(RemoteWebElement.java:198)
	at org.openqa.selenium.remote.RemoteWebElement.findElementByXPath(RemoteWebElement.java:295)
	at org.openqa.selenium.By$ByXPath.findElement(By.java:361)
	at org.openqa.selenium.remote.RemoteWebElement.findElement(RemoteWebElement.java:194)
	at com.BCAA.neat.baseElementClass.Table.verifyCheckBoxChecked(Table.java:199)
	at com.BCAA.neat.pageObjects.insurance.EditInsuredPage.verifyPrimaryNonPrimaryHolders(EditInsuredPage.java:94)
	at com.BCAA.neat.baseInsurance.InsuranceLibrary.goToInsuredsTabAndEditPrimaryPolicyHolder(InsuranceLibrary.java:372)
	at com.BCAA.neat.testcases.HabitationalTests.additionalInsuredAsPrimaryPolicyholderTest(HabitationalTests.java:161)
... Removed 31 stack frames]]>
    </failure>
  </testcase> <!-- additionalInsuredAsPrimaryPolicyholderTest -->
  <testcase name="commitQuoteCopyAndIssuePolicyTest" time="543.246" classname="com.BCAA.neat.testcases.HabitationalTests"/>
  <testcase name="createAndDeleteExternalClaimTest" time="53.833" classname="com.BCAA.neat.testcases.HabitationalTests"/>
  <testcase name="reinstatePolicy" time="344.498" classname="com.BCAA.neat.testcases.HabitationalTests">
    <failure type="java.lang.AssertionError" message="Timed out after 60 seconds waiting for visibility of element located by By.id: btnAssetsTabDeleteId
Build info: version: &amp;apos;2.53.0&amp;apos;, revision: &amp;apos;35ae25b1534ae328c771e0856c93e187490ca824&amp;apos;, time: &amp;apos;2016-03-15 10:43:46&amp;apos;
System info: host: &amp;apos;optimus-150&amp;apos;, ip: &amp;apos;192.197.48.156&amp;apos;, os.name: &amp;apos;Windows 8.1&amp;apos;, os.arch: &amp;apos;amd64&amp;apos;, os.version: &amp;apos;6.3&amp;apos;, java.version: &amp;apos;1.8.0_40&amp;apos;
Driver info: org.openqa.selenium.ie.InternetExplorerDriver
Capabilities [{browserAttachTimeout=0, enablePersistentHover=true, ie.forceCreateProcessApi=false, ie.usePerProcessProxy=false, ignoreZoomSetting=false, handlesAlerts=true, version=11, platform=WINDOWS, nativeEvents=true, ie.ensureCleanSession=true, elementScrollBehavior=0, ie.browserCommandLineSwitches=, requireWindowFocus=false, browserName=internet explorer, initialBrowserUrl=http://localhost:8141/, takesScreenshot=true, javascriptEnabled=true, ignoreProtectedModeSettings=false, enableElementCacheCleanup=true, cssSelectorsEnabled=true, unexpectedAlertBehaviour=dismiss}]
Session ID: 2a8d2099-92a9-4910-96eb-1e3f87a98797">
      <![CDATA[java.lang.AssertionError: Timed out after 60 seconds waiting for visibility of element located by By.id: btnAssetsTabDeleteId
Build info: version: '2.53.0', revision: '35ae25b1534ae328c771e0856c93e187490ca824', time: '2016-03-15 10:43:46'
System info: host: 'optimus-150', ip: '192.197.48.156', os.name: 'Windows 8.1', os.arch: 'amd64', os.version: '6.3', java.version: '1.8.0_40'
Driver info: org.openqa.selenium.ie.InternetExplorerDriver
Capabilities [{browserAttachTimeout=0, enablePersistentHover=true, ie.forceCreateProcessApi=false, ie.usePerProcessProxy=false, ignoreZoomSetting=false, handlesAlerts=true, version=11, platform=WINDOWS, nativeEvents=true, ie.ensureCleanSession=true, elementScrollBehavior=0, ie.browserCommandLineSwitches=, requireWindowFocus=false, browserName=internet explorer, initialBrowserUrl=http://localhost:8141/, takesScreenshot=true, javascriptEnabled=true, ignoreProtectedModeSettings=false, enableElementCacheCleanup=true, cssSelectorsEnabled=true, unexpectedAlertBehaviour=dismiss}]
Session ID: 2a8d2099-92a9-4910-96eb-1e3f87a98797
	at com.BCAA.neat.executor.Browser.waitTillElementIsClickable(Browser.java:377)
	at com.BCAA.neat.baseElementClass.Button.clickWhenElementIsClickable(Button.java:40)
	at com.BCAA.neat.pageObjects.insurance.HomeEvaluationTabPage.addHomeEvaluation(HomeEvaluationTabPage.java:127)
	at com.BCAA.neat.baseInsurance.InsuranceLibrary.createAsset(InsuranceLibrary.java:415)
	at com.BCAA.neat.baseInsurance.InsuranceLibrary.commitQuote(InsuranceLibrary.java:185)
	at com.BCAA.neat.baseInsurance.InsuranceLibrary.issuePolicy(InsuranceLibrary.java:204)
	at com.BCAA.neat.testcases.HabitationalTests.reinstatePolicy(HabitationalTests.java:185)
... Removed 28 stack frames]]>
    </failure>
  </testcase> <!-- reinstatePolicy -->
  <testcase name="voidPolicy" time="478.733" classname="com.BCAA.neat.testcases.HabitationalTests"/>
</testsuite> <!-- NEAT Tests -->
