<?xml version="1.0" encoding="UTF-8"?>
<testng-results skipped="0" failed="1" total="1" passed="0">
  <reporter-output>
  </reporter-output>
  <suite name="Default suite" duration-ms="71341" started-at="2016-06-01T13:20:30Z" finished-at="2016-06-01T13:21:42Z">
    <groups>
    </groups>
    <test name="Default test" duration-ms="71341" started-at="2016-06-01T13:20:30Z" finished-at="2016-06-01T13:21:42Z">
      <class name="com.BCAA.neat.testcases.HabitationalTests">
        <test-method status="PASS" signature="initialSetUp()[pri:0, instance:com.BCAA.neat.testcases.HabitationalTests@5ec0a365]" name="initialSetUp" is-config="true" duration-ms="20073" started-at="2016-06-01T18:50:30Z" finished-at="2016-06-01T18:50:50Z">
          <reporter-output>
          </reporter-output>
        </test-method> <!-- initialSetUp -->
        <test-method status="FAIL" signature="overrideSignInTest()[pri:0, instance:com.BCAA.neat.testcases.HabitationalTests@5ec0a365]" name="overrideSignInTest" duration-ms="50424" started-at="2016-06-01T18:50:50Z" description="BCAA-4015:Trigger an authorization and have someone with authority to use the “Override Sign In” link" finished-at="2016-06-01T18:51:41Z">
          <exception class="java.lang.AssertionError">
            <message>
              <![CDATA[FAILED due to following exception: ]]>
            </message>
            <full-stacktrace>
              <![CDATA[java.lang.AssertionError: FAILED due to following exception: 
	at org.testng.Assert.fail(Assert.java:83)
	at com.BCAA.neat.executor.Browser.setElement(Browser.java:196)
	at com.BCAA.neat.baseElementClass.Button.click(Button.java:21)
	at com.BCAA.neat.pageObjects.insurance.HomeEvaluationTabPage.addHomeEvaluation(HomeEvaluationTabPage.java:108)
	at com.BCAA.neat.baseInsurance.InsuranceLibrary.createAssetWithPetBinding(InsuranceLibrary.java:583)
	at com.BCAA.neat.testcases.HabitationalTests.overrideSignInTest(HabitationalTests.java:276)
	at sun.reflect.NativeMethodAccessorImpl.invoke0(Native Method)
	at sun.reflect.NativeMethodAccessorImpl.invoke(NativeMethodAccessorImpl.java:62)
	at sun.reflect.DelegatingMethodAccessorImpl.invoke(DelegatingMethodAccessorImpl.java:43)
	at java.lang.reflect.Method.invoke(Method.java:497)
	at org.testng.internal.MethodInvocationHelper.invokeMethod(MethodInvocationHelper.java:85)
	at org.testng.internal.Invoker.invokeMethod(Invoker.java:639)
	at org.testng.internal.Invoker.invokeTestMethod(Invoker.java:816)
	at org.testng.internal.Invoker.invokeTestMethods(Invoker.java:1124)
	at org.testng.internal.TestMethodWorker.invokeTestMethods(TestMethodWorker.java:125)
	at org.testng.internal.TestMethodWorker.run(TestMethodWorker.java:108)
	at org.testng.TestRunner.privateRun(TestRunner.java:774)
	at org.testng.TestRunner.run(TestRunner.java:624)
	at org.testng.SuiteRunner.runTest(SuiteRunner.java:359)
	at org.testng.SuiteRunner.runSequentially(SuiteRunner.java:354)
	at org.testng.SuiteRunner.privateRun(SuiteRunner.java:312)
	at org.testng.SuiteRunner.run(SuiteRunner.java:261)
	at org.testng.SuiteRunnerWorker.runSuite(SuiteRunnerWorker.java:52)
	at org.testng.SuiteRunnerWorker.run(SuiteRunnerWorker.java:86)
	at org.testng.TestNG.runSuitesSequentially(TestNG.java:1215)
	at org.testng.TestNG.runSuitesLocally(TestNG.java:1140)
	at org.testng.TestNG.run(TestNG.java:1048)
	at org.testng.remote.AbstractRemoteTestNG.run(AbstractRemoteTestNG.java:126)
	at org.testng.remote.RemoteTestNG.initAndRun(RemoteTestNG.java:137)
	at org.testng.remote.RemoteTestNG.main(RemoteTestNG.java:58)
Caused by: org.openqa.selenium.ElementNotVisibleException: Cannot click on element (WARNING: The server did not provide any stacktrace information)
Command duration or timeout: 107 milliseconds
Build info: version: '2.53.0', revision: '35ae25b1534ae328c771e0856c93e187490ca824', time: '2016-03-15 10:43:46'
System info: host: 'optimus-150', ip: '192.197.48.160', os.name: 'Windows 8.1', os.arch: 'amd64', os.version: '6.3', java.version: '1.8.0_40'
Driver info: org.openqa.selenium.ie.InternetExplorerDriver
Capabilities [{browserAttachTimeout=0, enablePersistentHover=true, ie.forceCreateProcessApi=false, ie.usePerProcessProxy=false, ignoreZoomSetting=false, handlesAlerts=true, version=11, platform=WINDOWS, nativeEvents=true, ie.ensureCleanSession=true, elementScrollBehavior=0, ie.browserCommandLineSwitches=, requireWindowFocus=false, browserName=internet explorer, initialBrowserUrl=http://localhost:6116/, takesScreenshot=true, javascriptEnabled=true, ignoreProtectedModeSettings=false, enableElementCacheCleanup=true, cssSelectorsEnabled=true, unexpectedAlertBehaviour=dismiss}]
Session ID: 271c6782-5c0f-4c16-905d-383de0e89419
	at sun.reflect.NativeConstructorAccessorImpl.newInstance0(Native Method)
	at sun.reflect.NativeConstructorAccessorImpl.newInstance(NativeConstructorAccessorImpl.java:62)
	at sun.reflect.DelegatingConstructorAccessorImpl.newInstance(DelegatingConstructorAccessorImpl.java:45)
	at java.lang.reflect.Constructor.newInstance(Constructor.java:422)
	at org.openqa.selenium.remote.ErrorHandler.createThrowable(ErrorHandler.java:206)
	at org.openqa.selenium.remote.ErrorHandler.throwIfResponseFailed(ErrorHandler.java:158)
	at org.openqa.selenium.remote.RemoteWebDriver.execute(RemoteWebDriver.java:678)
	at org.openqa.selenium.remote.RemoteWebElement.execute(RemoteWebElement.java:327)
	at org.openqa.selenium.remote.RemoteWebElement.click(RemoteWebElement.java:85)
	at com.BCAA.neat.executor.Browser.setElement(Browser.java:164)
	... 28 more
]]>
            </full-stacktrace>
          </exception> <!-- java.lang.AssertionError -->
          <reporter-output>
          </reporter-output>
        </test-method> <!-- overrideSignInTest -->
        <test-method status="PASS" signature="closeBrowser()[pri:0, instance:com.BCAA.neat.testcases.HabitationalTests@5ec0a365]" name="closeBrowser" is-config="true" duration-ms="833" started-at="2016-06-01T18:51:41Z" finished-at="2016-06-01T18:51:42Z">
          <reporter-output>
          </reporter-output>
        </test-method> <!-- closeBrowser -->
      </class> <!-- com.BCAA.neat.testcases.HabitationalTests -->
    </test> <!-- Default test -->
  </suite> <!-- Default suite -->
</testng-results>
