<?xml version="1.0" encoding="UTF-8"?>
<testng-results skipped="0" failed="2" total="3" passed="1">
  <reporter-output>
    <line>
      <![CDATA[<div style='width: 100px; float: left;'><a style='padding:20px' href='C:\Users\optimus154.OPTIMUSDOM\Desktop\Optimus-repository\BCAA Test Automation Framework\Screenshot\voidPolicy_19-05-2016 10-34-45.png'><img src='C:\Users\optimus154.OPTIMUSDOM\Desktop\Optimus-repository\BCAA Test Automation Framework\Screenshot\voidPolicy_19-05-2016 10-34-45.png' width='200px' /> </a></div></div>]]>
    </line>
    <line>
      <![CDATA[<div style='width: 100px; float: left;'><a style='padding:20px' href='C:\Users\optimus154.OPTIMUSDOM\Desktop\Optimus-repository\BCAA Test Automation Framework\Screenshot\voidPolicy_19-05-2016 10-34-45.png'><img src='C:\Users\optimus154.OPTIMUSDOM\Desktop\Optimus-repository\BCAA Test Automation Framework\Screenshot\voidPolicy_19-05-2016 10-34-45.png' width='200px' /> </a></div></div>]]>
    </line>
  </reporter-output>
  <suite name="NEAT Smoke Test Suite" duration-ms="141609" started-at="2016-05-19T05:04:01Z" finished-at="2016-05-19T05:06:23Z">
    <groups>
    </groups>
    <test name="NEAT Tests" duration-ms="141609" started-at="2016-05-19T05:04:01Z" finished-at="2016-05-19T05:06:23Z">
      <class name="com.BCAA.neat.testcases.HabitationalTests">
        <test-method status="PASS" signature="setLogger()[pri:0, instance:com.BCAA.neat.testcases.HabitationalTests@2cb4c3ab]" name="setLogger" is-config="true" duration-ms="27676" started-at="2016-05-19T10:34:01Z" finished-at="2016-05-19T10:34:29Z">
          <reporter-output>
          </reporter-output>
        </test-method> <!-- setLogger -->
        <test-method status="FAIL" signature="voidPolicy()[pri:1, instance:com.BCAA.neat.testcases.HabitationalTests@2cb4c3ab]" name="voidPolicy" duration-ms="15371" started-at="2016-05-19T10:34:29Z" description="TA-3961: Void a Policy" finished-at="2016-05-19T10:34:44Z">
          <exception class="java.lang.AssertionError">
            <message>
              <![CDATA[null]]>
            </message>
            <full-stacktrace>
              <![CDATA[java.lang.AssertionError: null
	at org.testng.Assert.fail(Assert.java:94)
	at org.testng.Assert.fail(Assert.java:101)
	at com.BCAA.neat.executor.Browser.setElement(Browser.java:133)
	at com.BCAA.neat.pageObjects.navigation.InsurancePage.quotesAndPoliciesTab(InsurancePage.java:24)
	at com.BCAA.neat.pageObjects.insurance.FindQuotesOrPolicyPage.searchQuotePolicy(FindQuotesOrPolicyPage.java:91)
	at com.BCAA.neat.pageObjects.insurance.EditQuotesOrPolicyPage.searchAndEditAPolicy(EditQuotesOrPolicyPage.java:68)
	at com.BCAA.neat.testcases.HabitationalTests.verifyOptions(HabitationalTests.java:733)
	at com.BCAA.neat.testcases.HabitationalTests.commitQuote(HabitationalTests.java:753)
	at com.BCAA.neat.testcases.HabitationalTests.addRemarks(HabitationalTests.java:779)
	at com.BCAA.neat.testcases.HabitationalTests.voidPolicy(HabitationalTests.java:899)
	at sun.reflect.NativeMethodAccessorImpl.invoke0(Native Method)
	at sun.reflect.NativeMethodAccessorImpl.invoke(NativeMethodAccessorImpl.java:62)
	at sun.reflect.DelegatingMethodAccessorImpl.invoke(DelegatingMethodAccessorImpl.java:43)
	at java.lang.reflect.Method.invoke(Method.java:498)
	at org.testng.internal.MethodInvocationHelper.invokeMethod(MethodInvocationHelper.java:86)
	at org.testng.internal.Invoker.invokeMethod(Invoker.java:643)
	at org.testng.internal.Invoker.invokeTestMethod(Invoker.java:820)
	at org.testng.internal.Invoker.invokeTestMethods(Invoker.java:1128)
	at org.testng.internal.TestMethodWorker.invokeTestMethods(TestMethodWorker.java:129)
	at org.testng.internal.TestMethodWorker.run(TestMethodWorker.java:112)
	at org.testng.TestRunner.privateRun(TestRunner.java:782)
	at org.testng.TestRunner.run(TestRunner.java:632)
	at org.testng.SuiteRunner.runTest(SuiteRunner.java:366)
	at org.testng.SuiteRunner.runSequentially(SuiteRunner.java:361)
	at org.testng.SuiteRunner.privateRun(SuiteRunner.java:319)
	at org.testng.SuiteRunner.run(SuiteRunner.java:268)
	at org.testng.SuiteRunnerWorker.runSuite(SuiteRunnerWorker.java:52)
	at org.testng.SuiteRunnerWorker.run(SuiteRunnerWorker.java:86)
	at org.testng.TestNG.runSuitesSequentially(TestNG.java:1244)
	at org.testng.TestNG.runSuitesLocally(TestNG.java:1169)
	at org.testng.TestNG.run(TestNG.java:1064)
	at org.apache.maven.surefire.testng.TestNGExecutor.run(TestNGExecutor.java:281)
	at org.apache.maven.surefire.testng.TestNGXmlTestSuite.execute(TestNGXmlTestSuite.java:75)
	at org.apache.maven.surefire.testng.TestNGProvider.invoke(TestNGProvider.java:121)
	at org.apache.maven.surefire.booter.ForkedBooter.invokeProviderInSameClassLoader(ForkedBooter.java:290)
	at org.apache.maven.surefire.booter.ForkedBooter.runSuitesInProcess(ForkedBooter.java:242)
	at org.apache.maven.surefire.booter.ForkedBooter.main(ForkedBooter.java:121)
]]>
            </full-stacktrace>
          </exception> <!-- java.lang.AssertionError -->
          <reporter-output>
            <line>
              <![CDATA[<div style='width: 100px; float: left;'><a style='padding:20px' href='C:\Users\optimus154.OPTIMUSDOM\Desktop\Optimus-repository\BCAA Test Automation Framework\Screenshot\voidPolicy_19-05-2016 10-34-45.png'><img src='C:\Users\optimus154.OPTIMUSDOM\Desktop\Optimus-repository\BCAA Test Automation Framework\Screenshot\voidPolicy_19-05-2016 10-34-45.png' width='200px' /> </a></div></div>]]>
            </line>
          </reporter-output>
        </test-method> <!-- voidPolicy -->
        <test-method status="PASS" signature="riskDetails()[pri:8, instance:com.BCAA.neat.testcases.HabitationalTests@2cb4c3ab]" name="riskDetails" duration-ms="58372" started-at="2016-05-19T10:34:45Z" description="BCAA-3930: Add Home Asset - Risk Details" finished-at="2016-05-19T10:35:44Z">
          <reporter-output>
          </reporter-output>
        </test-method> <!-- riskDetails -->
        <test-method status="FAIL" signature="addNotes()[pri:11, instance:com.BCAA.neat.testcases.HabitationalTests@2cb4c3ab]" name="addNotes" duration-ms="33915" started-at="2016-05-19T10:35:44Z" description="BCAA-3909: Add Notes" finished-at="2016-05-19T10:36:17Z">
          <exception class="java.lang.AssertionError">
            <message>
              <![CDATA[null]]>
            </message>
            <full-stacktrace>
              <![CDATA[java.lang.AssertionError: null
	at org.testng.Assert.fail(Assert.java:94)
	at org.testng.Assert.fail(Assert.java:101)
	at com.BCAA.neat.executor.Browser.verifyText(Browser.java:155)
	at com.BCAA.neat.pageObjects.insurance.EditQuotesOrPolicyPage.searchAndEditAPolicy(EditQuotesOrPolicyPage.java:71)
	at com.BCAA.neat.testcases.HabitationalTests.verifyOptions(HabitationalTests.java:733)
	at com.BCAA.neat.testcases.HabitationalTests.commitQuote(HabitationalTests.java:753)
	at com.BCAA.neat.testcases.HabitationalTests.addNotes(HabitationalTests.java:765)
	at sun.reflect.NativeMethodAccessorImpl.invoke0(Native Method)
	at sun.reflect.NativeMethodAccessorImpl.invoke(NativeMethodAccessorImpl.java:62)
	at sun.reflect.DelegatingMethodAccessorImpl.invoke(DelegatingMethodAccessorImpl.java:43)
	at java.lang.reflect.Method.invoke(Method.java:498)
	at org.testng.internal.MethodInvocationHelper.invokeMethod(MethodInvocationHelper.java:86)
	at org.testng.internal.Invoker.invokeMethod(Invoker.java:643)
	at org.testng.internal.Invoker.invokeTestMethod(Invoker.java:820)
	at org.testng.internal.Invoker.invokeTestMethods(Invoker.java:1128)
	at org.testng.internal.TestMethodWorker.invokeTestMethods(TestMethodWorker.java:129)
	at org.testng.internal.TestMethodWorker.run(TestMethodWorker.java:112)
	at org.testng.TestRunner.privateRun(TestRunner.java:782)
	at org.testng.TestRunner.run(TestRunner.java:632)
	at org.testng.SuiteRunner.runTest(SuiteRunner.java:366)
	at org.testng.SuiteRunner.runSequentially(SuiteRunner.java:361)
	at org.testng.SuiteRunner.privateRun(SuiteRunner.java:319)
	at org.testng.SuiteRunner.run(SuiteRunner.java:268)
	at org.testng.SuiteRunnerWorker.runSuite(SuiteRunnerWorker.java:52)
	at org.testng.SuiteRunnerWorker.run(SuiteRunnerWorker.java:86)
	at org.testng.TestNG.runSuitesSequentially(TestNG.java:1244)
	at org.testng.TestNG.runSuitesLocally(TestNG.java:1169)
	at org.testng.TestNG.run(TestNG.java:1064)
	at org.apache.maven.surefire.testng.TestNGExecutor.run(TestNGExecutor.java:281)
	at org.apache.maven.surefire.testng.TestNGXmlTestSuite.execute(TestNGXmlTestSuite.java:75)
	at org.apache.maven.surefire.testng.TestNGProvider.invoke(TestNGProvider.java:121)
	at org.apache.maven.surefire.booter.ForkedBooter.invokeProviderInSameClassLoader(ForkedBooter.java:290)
	at org.apache.maven.surefire.booter.ForkedBooter.runSuitesInProcess(ForkedBooter.java:242)
	at org.apache.maven.surefire.booter.ForkedBooter.main(ForkedBooter.java:121)
]]>
            </full-stacktrace>
          </exception> <!-- java.lang.AssertionError -->
          <reporter-output>
            <line>
              <![CDATA[<div style='width: 100px; float: left;'><a style='padding:20px' href='C:\Users\optimus154.OPTIMUSDOM\Desktop\Optimus-repository\BCAA Test Automation Framework\Screenshot\voidPolicy_19-05-2016 10-34-45.png'><img src='C:\Users\optimus154.OPTIMUSDOM\Desktop\Optimus-repository\BCAA Test Automation Framework\Screenshot\voidPolicy_19-05-2016 10-34-45.png' width='200px' /> </a></div></div>]]>
            </line>
          </reporter-output>
        </test-method> <!-- addNotes -->
        <test-method status="PASS" signature="closeBrowser()[pri:0, instance:com.BCAA.neat.testcases.HabitationalTests@2cb4c3ab]" name="closeBrowser" is-config="true" duration-ms="5066" started-at="2016-05-19T10:36:18Z" finished-at="2016-05-19T10:36:23Z">
          <reporter-output>
          </reporter-output>
        </test-method> <!-- closeBrowser -->
      </class> <!-- com.BCAA.neat.testcases.HabitationalTests -->
    </test> <!-- NEAT Tests -->
  </suite> <!-- NEAT Smoke Test Suite -->
</testng-results>
